<?xml version="1.0" encoding="UTF-8"?>
<testsuite xmlns:xsi="http://www.w3.org/2001/XMLSchema-instance" xsi:noNamespaceSchemaLocation="https://maven.apache.org/surefire/maven-surefire-plugin/xsd/surefire-test-report-3.0.xsd" version="3.0" name="vs.bankingunittests.controller.ATMTest" time="0.281" tests="15" errors="0" skipped="0" failures="0">
  <properties>
    <property name="java.specification.version" value="22"/>
    <property name="sun.cpu.isalist" value="amd64"/>
    <property name="sun.jnu.encoding" value="Cp1252"/>
    <property name="java.class.path" value="C:\Users\rhuan\Jala\QA1\test8\BankingUnitTests\target\test-classes;C:\Users\rhuan\Jala\QA1\test8\BankingUnitTests\target\classes;C:\Users\rhuan\.m2\repository\org\junit\jupiter\junit-jupiter-engine\5.2.0\junit-jupiter-engine-5.2.0.jar;C:\Users\rhuan\.m2\repository\org\apiguardian\apiguardian-api\1.0.0\apiguardian-api-1.0.0.jar;C:\Users\rhuan\.m2\repository\org\junit\platform\junit-platform-engine\1.2.0\junit-platform-engine-1.2.0.jar;C:\Users\rhuan\.m2\repository\org\junit\platform\junit-platform-commons\1.2.0\junit-platform-commons-1.2.0.jar;C:\Users\rhuan\.m2\repository\org\opentest4j\opentest4j\1.1.0\opentest4j-1.1.0.jar;C:\Users\rhuan\.m2\repository\org\junit\jupiter\junit-jupiter-api\5.2.0\junit-jupiter-api-5.2.0.jar;"/>
    <property name="java.vm.vendor" value="Oracle Corporation"/>
    <property name="sun.arch.data.model" value="64"/>
    <property name="user.variant" value=""/>
    <property name="java.vendor.url" value="https://java.oracle.com/"/>
    <property name="user.timezone" value="America/Sao_Paulo"/>
    <property name="os.name" value="Windows 11"/>
    <property name="java.vm.specification.version" value="22"/>
    <property name="sun.java.launcher" value="SUN_STANDARD"/>
    <property name="user.country" value="BR"/>
    <property name="sun.boot.library.path" value="C:\Program Files\Java\jdk-22\bin"/>
    <property name="sun.java.command" value="C:\Users\rhuan\AppData\Local\Temp\surefire12576674980280085679\surefirebooter-20250825190040113_3.jar C:\Users\rhuan\AppData\Local\Temp\surefire12576674980280085679 2025-08-25T19-00-39_764-jvmRun1 surefire-20250825190040113_1tmp surefire_0-20250825190040113_2tmp"/>
    <property name="jdk.debug" value="release"/>
    <property name="surefire.test.class.path" value="C:\Users\rhuan\Jala\QA1\test8\BankingUnitTests\target\test-classes;C:\Users\rhuan\Jala\QA1\test8\BankingUnitTests\target\classes;C:\Users\rhuan\.m2\repository\org\junit\jupiter\junit-jupiter-engine\5.2.0\junit-jupiter-engine-5.2.0.jar;C:\Users\rhuan\.m2\repository\org\apiguardian\apiguardian-api\1.0.0\apiguardian-api-1.0.0.jar;C:\Users\rhuan\.m2\repository\org\junit\platform\junit-platform-engine\1.2.0\junit-platform-engine-1.2.0.jar;C:\Users\rhuan\.m2\repository\org\junit\platform\junit-platform-commons\1.2.0\junit-platform-commons-1.2.0.jar;C:\Users\rhuan\.m2\repository\org\opentest4j\opentest4j\1.1.0\opentest4j-1.1.0.jar;C:\Users\rhuan\.m2\repository\org\junit\jupiter\junit-jupiter-api\5.2.0\junit-jupiter-api-5.2.0.jar;"/>
    <property name="sun.cpu.endian" value="little"/>
    <property name="user.home" value="C:\Users\rhuan"/>
    <property name="user.language" value="pt"/>
    <property name="java.specification.vendor" value="Oracle Corporation"/>
    <property name="java.version.date" value="2024-07-16"/>
    <property name="java.home" value="C:\Program Files\Java\jdk-22"/>
    <property name="file.separator" value="\"/>
    <property name="basedir" value="C:\Users\rhuan\Jala\QA1\test8\BankingUnitTests"/>
    <property name="java.vm.compressedOopsMode" value="Zero based"/>
    <property name="line.separator" value="&#10;"/>
    <property name="java.vm.specification.vendor" value="Oracle Corporation"/>
    <property name="java.specification.name" value="Java Platform API Specification"/>
    <property name="surefire.real.class.path" value="C:\Users\rhuan\AppData\Local\Temp\surefire12576674980280085679\surefirebooter-20250825190040113_3.jar"/>
    <property name="user.script" value=""/>
    <property name="sun.management.compiler" value="HotSpot 64-Bit Tiered Compilers"/>
    <property name="java.runtime.version" value="22.0.2+9-70"/>
    <property name="user.name" value="rhuan"/>
    <property name="stdout.encoding" value="Cp1252"/>
    <property name="path.separator" value=";"/>
    <property name="os.version" value="10.0"/>
    <property name="java.runtime.name" value="Java(TM) SE Runtime Environment"/>
    <property name="file.encoding" value="UTF-8"/>
    <property name="java.vm.name" value="Java HotSpot(TM) 64-Bit Server VM"/>
    <property name="localRepository" value="C:\Users\rhuan\.m2\repository"/>
    <property name="java.vendor.url.bug" value="https://bugreport.java.com/bugreport/"/>
    <property name="java.io.tmpdir" value="C:\Users\rhuan\AppData\Local\Temp\"/>
    <property name="java.version" value="22.0.2"/>
    <property name="user.dir" value="C:\Users\rhuan\Jala\QA1\test8\BankingUnitTests"/>
    <property name="os.arch" value="amd64"/>
    <property name="java.vm.specification.name" value="Java Virtual Machine Specification"/>
    <property name="sun.os.patch.level" value=""/>
    <property name="native.encoding" value="Cp1252"/>
    <property name="java.library.path" value="C:\Program Files\Java\jdk-22\bin;C:\WINDOWS\Sun\Java\bin;C:\WINDOWS\system32;C:\WINDOWS;C:\Program Files\Microsoft\jdk-11.0.20.101-hotspot\bin;C:\Python313\Scripts\;C:\Python313\;C:\Program Files\Java\jdk-22\bin;C:\Program Files\Common Files\Oracle\Java\javapath;C:\Python312\Scripts\;C:\Python312\;C:\WINDOWS\system32;C:\WINDOWS;C:\WINDOWS\System32\Wbem;C:\WINDOWS\System32\WindowsPowerShell\v1.0\;C:\WINDOWS\System32\OpenSSH\;C:\Program Files\Git\cmd;C:\Program Files\Git\mingw64\bin;C:\Program Files\Git\usr\bin;C:\ProgramData\chocolatey\bin;C:\Program Files\dotnet\;C:\Program Files (x86)\Microsoft SQL Server\160\Tools\Binn\;C:\Program Files\Microsoft SQL Server\160\Tools\Binn\;C:\Program Files\Microsoft SQL Server\Client SDK\ODBC\170\Tools\Binn\;C:\Program Files\Microsoft SQL Server\160\DTS\Binn\;C:\Program Files\Maven\apache-maven-3.9.9\bin;C:\Program Files\PuTTY\;C:\Program Files\Microsoft SQL Server\150\Tools\Binn\;C:\Program Files\nodejs\;C:\Users\rhuan\AppData\Local\Programs\Eclipse Adoptium\jdk-21.0.8.9-hotspot\bin;C:\Program Files\MySQL\MySQL Shell 8.0\bin\;C:\Program Files\Java\jdk-23\bin;C:\Users\rhuan\AppData\Local\Microsoft\WindowsApps;C:\Users\rhuan\AppData\Local\Programs\Microsoft VS Code\bin;C:\Users\rhuan\AppData\Local\Microsoft\WinGet\Packages\Schniz.fnm_Microsoft.Winget.Source_8wekyb3d8bbwe;C:\Program Files\JetBrains\IntelliJ IDEA Community Edition 2024.3.1\bin;;C:\Users\rhuan\AppData\Local\Programs\mongosh\;C:\Program Files\Maven\apache-maven-3.9.9\bin;;C:\Program Files\JetBrains\IntelliJ IDEA 2025.1.1.1\bin;;C:\Users\rhuan\.dotnet\tools;C:\Users\rhuan\AppData\Roaming\npm;."/>
    <property name="java.vm.info" value="mixed mode, sharing"/>
    <property name="stderr.encoding" value="Cp1252"/>
    <property name="java.vendor" value="Oracle Corporation"/>
    <property name="java.vm.version" value="22.0.2+9-70"/>
    <property name="sun.io.unicode.encoding" value="UnicodeLittle"/>
    <property name="java.class.version" value="66.0"/>
  </properties>
  <testcase name="withdraw_regular_account_zero_amount" classname="vs.bankingunittests.controller.ATMTest" time="0.079">
    <system-out><![CDATA[Withdrawing 0 from entities.Account{owner='vasouv', balance=1000, accountType='regular'}
New account balance: entities.Account{owner='vasouv', balance=1000, accountType='regular'}
]]></system-out>
  </testcase>
  <testcase name="transfer_regular_source_limited_target_zero_amount" classname="vs.bankingunittests.controller.ATMTest" time="0.002"/>
  <testcase name="withdraw_regular_account_normal_amount" classname="vs.bankingunittests.controller.ATMTest" time="0.004">
    <system-out><![CDATA[Withdrawing 250 from entities.Account{owner='vasouv', balance=1000, accountType='regular'}
New account balance: entities.Account{owner='vasouv', balance=750, accountType='regular'}
]]></system-out>
  </testcase>
  <testcase name="deposit_limited_account_amount_below_limit" classname="vs.bankingunittests.controller.ATMTest" time="0.003">
    <system-out><![CDATA[Depositing 100 to entities.Account{owner='mixos', balance=300, accountType='limit', limit='500'}
New account balance: entities.Account{owner='mixos', balance=400, accountType='limit', limit='500'}
]]></system-out>
  </testcase>
  <testcase name="withdraw_regular_account_amount_more_than_balance" classname="vs.bankingunittests.controller.ATMTest" time="0.017"/>
  <testcase name="withdraw_regular_account_amount_exactly_balance" classname="vs.bankingunittests.controller.ATMTest" time="0.004">
    <system-out><![CDATA[Withdrawing 1000 from entities.Account{owner='vasouv', balance=1000, accountType='regular'}
New account balance: entities.Account{owner='vasouv', balance=0, accountType='regular'}
]]></system-out>
  </testcase>
  <testcase name="transfer_regular_source_regular_target_normal_amount" classname="vs.bankingunittests.controller.ATMTest" time="0.002">
    <system-out><![CDATA[Transferring 350 from entities.Account{owner='chris', balance=2000, accountType='regular'} to entities.Account{owner='geo', balance=5000, accountType='regular'}
Withdrawing 350 from entities.Account{owner='chris', balance=2000, accountType='regular'}
New account balance: entities.Account{owner='chris', balance=1650, accountType='regular'}
Transfer successfull
]]></system-out>
  </testcase>
  <testcase name="deposit_regular_account_some_amount" classname="vs.bankingunittests.controller.ATMTest" time="0.003"/>
  <testcase name="transfer_regular_source_regular_target_amount_more_than_balance" classname="vs.bankingunittests.controller.ATMTest" time="0.01"/>
  <testcase name="deposit_limited_account_zero_amount" classname="vs.bankingunittests.controller.ATMTest" time="0.004">
    <system-out><![CDATA[Depositing 0 to entities.Account{owner='mixos', balance=300, accountType='limit', limit='500'}
New account balance: entities.Account{owner='mixos', balance=300, accountType='limit', limit='500'}
]]></system-out>
  </testcase>
  <testcase name="deposit_limited_account_amount_at_limit" classname="vs.bankingunittests.controller.ATMTest" time="0.003">
    <system-out><![CDATA[Depositing 200 to entities.Account{owner='mixos', balance=300, accountType='limit', limit='500'}
New account balance: entities.Account{owner='mixos', balance=500, accountType='limit', limit='500'}
]]></system-out>
  </testcase>
  <testcase name="deposit_limited_account_amount_above_limit" classname="vs.bankingunittests.controller.ATMTest" time="0.006"/>
  <testcase name="withdraw_limited_account_zero_amount" classname="vs.bankingunittests.controller.ATMTest" time="0.004">
    <system-out><![CDATA[Withdrawing 0 from entities.Account{owner='mixos', balance=300, accountType='limit', limit='500'}
New account balance: entities.Account{owner='mixos', balance=300, accountType='limit', limit='500'}
]]></system-out>
  </testcase>
  <testcase name="deposit_regular_account_zero_amount" classname="vs.bankingunittests.controller.ATMTest" time="0.003"/>
  <testcase name="transfer_regular_source_regular_target_zero_amount" classname="vs.bankingunittests.controller.ATMTest" time="0.006">
    <system-out><![CDATA[Transferring 0 from entities.Account{owner='chris', balance=2000, accountType='regular'} to entities.Account{owner='geo', balance=5000, accountType='regular'}
Withdrawing 0 from entities.Account{owner='chris', balance=2000, accountType='regular'}
New account balance: entities.Account{owner='chris', balance=2000, accountType='regular'}
Transfer successfull
]]></system-out>
  </testcase>
</testsuite>